-- Found ament_cmake: 1.3.11 (/opt/ros/humble/share/ament_cmake/cmake)
-- Found rclcpp: 16.0.11 (/opt/ros/humble/share/rclcpp/cmake)
-- Found rosidl_generator_c: 3.1.6 (/opt/ros/humble/share/rosidl_generator_c/cmake)
-- Found rosidl_adapter: 3.1.6 (/opt/ros/humble/share/rosidl_adapter/cmake)
-- Found rosidl_generator_cpp: 3.1.6 (/opt/ros/humble/share/rosidl_generator_cpp/cmake)
-- Using all available rosidl_typesupport_c: rosidl_typesupport_fastrtps_c;rosidl_typesupport_introspection_c
-- Using all available rosidl_typesupport_cpp: rosidl_typesupport_fastrtps_cpp;rosidl_typesupport_introspection_cpp
-- Found rmw_implementation_cmake: 6.1.2 (/opt/ros/humble/share/rmw_implementation_cmake/cmake)
-- Found rmw_fastrtps_cpp: 6.2.7 (/opt/ros/humble/share/rmw_fastrtps_cpp/cmake)
-- Using RMW implementation 'rmw_fastrtps_cpp' as default
-- Found geometry_msgs: 4.2.4 (/opt/ros/humble/share/geometry_msgs/cmake)
-- Found ament_lint_auto: 0.12.11 (/opt/ros/humble/share/ament_lint_auto/cmake)
-- Added test 'cppcheck' to perform static code analysis on C / C++ code
-- Configured cppcheck include dirs: 
-- Configured cppcheck exclude dirs and/or files: 
-- Added test 'lint_cmake' to check CMake code style
-- Added test 'uncrustify' to check C / C++ code style
-- Configured uncrustify additional arguments: 
-- Added test 'xmllint' to check XML markup files
-- Configuring done
-- Generating done
-- Build files have been written to: /home/jblevins32/IRR3/build/chase_object
[ 25%] [32mBuilding CXX object CMakeFiles/chase_object_pubsub.dir/src/chase_object_pubsub.cpp.o[0m
[ 50%] [32mBuilding CXX object CMakeFiles/test_publisher.dir/src/test_publisher.cpp.o[0m
[ 75%] [32m[1mLinking CXX executable test_publisher[0m
[ 75%] Built target test_publisher
[100%] [32m[1mLinking CXX executable chase_object_pubsub[0m
[100%] Built target chase_object_pubsub
-- Install configuration: ""
-- Installing: /home/jblevins32/IRR3/install/chase_object/lib/chase_object/chase_object_pubsub
-- Set runtime path of "/home/jblevins32/IRR3/install/chase_object/lib/chase_object/chase_object_pubsub" to ""
-- Installing: /home/jblevins32/IRR3/install/chase_object/lib/chase_object/test_publisher
-- Set runtime path of "/home/jblevins32/IRR3/install/chase_object/lib/chase_object/test_publisher" to ""
-- Up-to-date: /home/jblevins32/IRR3/install/chase_object/share/ament_index/resource_index/package_run_dependencies/chase_object
-- Installing: /home/jblevins32/IRR3/install/chase_object/share/ament_index/resource_index/parent_prefix_path/chase_object
-- Up-to-date: /home/jblevins32/IRR3/install/chase_object/share/chase_object/environment/ament_prefix_path.sh
-- Installing: /home/jblevins32/IRR3/install/chase_object/share/chase_object/environment/ament_prefix_path.dsv
-- Up-to-date: /home/jblevins32/IRR3/install/chase_object/share/chase_object/environment/path.sh
-- Installing: /home/jblevins32/IRR3/install/chase_object/share/chase_object/environment/path.dsv
-- Up-to-date: /home/jblevins32/IRR3/install/chase_object/share/chase_object/local_setup.bash
-- Up-to-date: /home/jblevins32/IRR3/install/chase_object/share/chase_object/local_setup.sh
-- Up-to-date: /home/jblevins32/IRR3/install/chase_object/share/chase_object/local_setup.zsh
-- Installing: /home/jblevins32/IRR3/install/chase_object/share/chase_object/local_setup.dsv
-- Installing: /home/jblevins32/IRR3/install/chase_object/share/chase_object/package.dsv
-- Up-to-date: /home/jblevins32/IRR3/install/chase_object/share/ament_index/resource_index/packages/chase_object
-- Up-to-date: /home/jblevins32/IRR3/install/chase_object/share/chase_object/cmake/chase_objectConfig.cmake
-- Up-to-date: /home/jblevins32/IRR3/install/chase_object/share/chase_object/cmake/chase_objectConfig-version.cmake
-- Up-to-date: /home/jblevins32/IRR3/install/chase_object/share/chase_object/package.xml
