[0.013s] Invoking command in '/home/jblevins32/IRR3/build/chase_object': CMAKE_PREFIX_PATH=${CMAKE_PREFIX_PATH}:/home/jblevins32/IRR3/install/find_object_py:/home/jblevins32/IRR2/install/jacob_find_object_py:/home/jblevins32/IRR2/install/find_object_py:/opt/ros/humble DEBUGINFOD_URLS=https://debuginfod.ubuntu.com /usr/bin/cmake --build /home/jblevins32/IRR3/build/chase_object -- -j28 -l28
[0.175s] -- Found ament_cmake: 1.3.11 (/opt/ros/humble/share/ament_cmake/cmake)
[0.175s] -- Found rclcpp: 16.0.11 (/opt/ros/humble/share/rclcpp/cmake)
[0.175s] -- Found rosidl_generator_c: 3.1.6 (/opt/ros/humble/share/rosidl_generator_c/cmake)
[0.175s] -- Found rosidl_adapter: 3.1.6 (/opt/ros/humble/share/rosidl_adapter/cmake)
[0.175s] -- Found rosidl_generator_cpp: 3.1.6 (/opt/ros/humble/share/rosidl_generator_cpp/cmake)
[0.175s] -- Using all available rosidl_typesupport_c: rosidl_typesupport_fastrtps_c;rosidl_typesupport_introspection_c
[0.175s] -- Using all available rosidl_typesupport_cpp: rosidl_typesupport_fastrtps_cpp;rosidl_typesupport_introspection_cpp
[0.175s] -- Found rmw_implementation_cmake: 6.1.2 (/opt/ros/humble/share/rmw_implementation_cmake/cmake)
[0.175s] -- Found rmw_fastrtps_cpp: 6.2.7 (/opt/ros/humble/share/rmw_fastrtps_cpp/cmake)
[0.243s] -- Using RMW implementation 'rmw_fastrtps_cpp' as default
[0.274s] -- Found geometry_msgs: 4.2.4 (/opt/ros/humble/share/geometry_msgs/cmake)
[0.283s] -- Found ament_lint_auto: 0.12.11 (/opt/ros/humble/share/ament_lint_auto/cmake)
[0.339s] -- Added test 'cppcheck' to perform static code analysis on C / C++ code
[0.339s] -- Configured cppcheck include dirs: 
[0.339s] -- Configured cppcheck exclude dirs and/or files: 
[0.339s] -- Added test 'lint_cmake' to check CMake code style
[0.339s] -- Added test 'uncrustify' to check C / C++ code style
[0.339s] -- Configured uncrustify additional arguments: 
[0.339s] -- Added test 'xmllint' to check XML markup files
[0.340s] -- Configuring done
[0.346s] -- Generating done
[0.349s] -- Build files have been written to: /home/jblevins32/IRR3/build/chase_object
[0.379s] [ 25%] [32mBuilding CXX object CMakeFiles/chase_object_pubsub.dir/src/chase_object_pubsub.cpp.o[0m
[0.380s] [ 50%] [32mBuilding CXX object CMakeFiles/test_publisher.dir/src/test_publisher.cpp.o[0m
[2.832s] [ 75%] [32m[1mLinking CXX executable test_publisher[0m
[2.960s] [ 75%] Built target test_publisher
[5.277s] [100%] [32m[1mLinking CXX executable chase_object_pubsub[0m
[5.527s] [100%] Built target chase_object_pubsub
[5.535s] Invoked command in '/home/jblevins32/IRR3/build/chase_object' returned '0': CMAKE_PREFIX_PATH=${CMAKE_PREFIX_PATH}:/home/jblevins32/IRR3/install/find_object_py:/home/jblevins32/IRR2/install/jacob_find_object_py:/home/jblevins32/IRR2/install/find_object_py:/opt/ros/humble DEBUGINFOD_URLS=https://debuginfod.ubuntu.com /usr/bin/cmake --build /home/jblevins32/IRR3/build/chase_object -- -j28 -l28
[5.536s] Invoking command in '/home/jblevins32/IRR3/build/chase_object': CMAKE_PREFIX_PATH=${CMAKE_PREFIX_PATH}:/home/jblevins32/IRR3/install/find_object_py:/home/jblevins32/IRR2/install/jacob_find_object_py:/home/jblevins32/IRR2/install/find_object_py:/opt/ros/humble DEBUGINFOD_URLS=https://debuginfod.ubuntu.com /usr/bin/cmake --install /home/jblevins32/IRR3/build/chase_object
[5.542s] -- Install configuration: ""
[5.542s] -- Installing: /home/jblevins32/IRR3/install/chase_object/lib/chase_object/chase_object_pubsub
[5.544s] -- Set runtime path of "/home/jblevins32/IRR3/install/chase_object/lib/chase_object/chase_object_pubsub" to ""
[5.544s] -- Installing: /home/jblevins32/IRR3/install/chase_object/lib/chase_object/test_publisher
[5.545s] -- Set runtime path of "/home/jblevins32/IRR3/install/chase_object/lib/chase_object/test_publisher" to ""
[5.545s] -- Up-to-date: /home/jblevins32/IRR3/install/chase_object/share/ament_index/resource_index/package_run_dependencies/chase_object
[5.545s] -- Installing: /home/jblevins32/IRR3/install/chase_object/share/ament_index/resource_index/parent_prefix_path/chase_object
[5.545s] -- Up-to-date: /home/jblevins32/IRR3/install/chase_object/share/chase_object/environment/ament_prefix_path.sh
[5.545s] -- Installing: /home/jblevins32/IRR3/install/chase_object/share/chase_object/environment/ament_prefix_path.dsv
[5.545s] -- Up-to-date: /home/jblevins32/IRR3/install/chase_object/share/chase_object/environment/path.sh
[5.545s] -- Installing: /home/jblevins32/IRR3/install/chase_object/share/chase_object/environment/path.dsv
[5.545s] -- Up-to-date: /home/jblevins32/IRR3/install/chase_object/share/chase_object/local_setup.bash
[5.545s] -- Up-to-date: /home/jblevins32/IRR3/install/chase_object/share/chase_object/local_setup.sh
[5.545s] -- Up-to-date: /home/jblevins32/IRR3/install/chase_object/share/chase_object/local_setup.zsh
[5.545s] -- Installing: /home/jblevins32/IRR3/install/chase_object/share/chase_object/local_setup.dsv
[5.545s] -- Installing: /home/jblevins32/IRR3/install/chase_object/share/chase_object/package.dsv
[5.545s] -- Up-to-date: /home/jblevins32/IRR3/install/chase_object/share/ament_index/resource_index/packages/chase_object
[5.545s] -- Up-to-date: /home/jblevins32/IRR3/install/chase_object/share/chase_object/cmake/chase_objectConfig.cmake
[5.545s] -- Up-to-date: /home/jblevins32/IRR3/install/chase_object/share/chase_object/cmake/chase_objectConfig-version.cmake
[5.546s] -- Up-to-date: /home/jblevins32/IRR3/install/chase_object/share/chase_object/package.xml
[5.547s] Invoked command in '/home/jblevins32/IRR3/build/chase_object' returned '0': CMAKE_PREFIX_PATH=${CMAKE_PREFIX_PATH}:/home/jblevins32/IRR3/install/find_object_py:/home/jblevins32/IRR2/install/jacob_find_object_py:/home/jblevins32/IRR2/install/find_object_py:/opt/ros/humble DEBUGINFOD_URLS=https://debuginfod.ubuntu.com /usr/bin/cmake --install /home/jblevins32/IRR3/build/chase_object
