running egg_info
writing ../../build/find_object_py/find_object_py.egg-info/PKG-INFO
writing dependency_links to ../../build/find_object_py/find_object_py.egg-info/dependency_links.txt
writing entry points to ../../build/find_object_py/find_object_py.egg-info/entry_points.txt
writing requirements to ../../build/find_object_py/find_object_py.egg-info/requires.txt
writing top-level names to ../../build/find_object_py/find_object_py.egg-info/top_level.txt
reading manifest file '../../build/find_object_py/find_object_py.egg-info/SOURCES.txt'
writing manifest file '../../build/find_object_py/find_object_py.egg-info/SOURCES.txt'
running build
running build_py
creating /home/jblevins32/IRR3/build/find_object_py/build/lib/src
copying src/__init__.py -> /home/jblevins32/IRR3/build/find_object_py/build/lib/src
copying src/find_object.py -> /home/jblevins32/IRR3/build/find_object_py/build/lib/src
copying src/find_orange_ball.py -> /home/jblevins32/IRR3/build/find_object_py/build/lib/src
running install
running install_lib
creating /home/jblevins32/IRR3/install/find_object_py/lib/python3.10/site-packages/src
copying /home/jblevins32/IRR3/build/find_object_py/build/lib/src/__init__.py -> /home/jblevins32/IRR3/install/find_object_py/lib/python3.10/site-packages/src
copying /home/jblevins32/IRR3/build/find_object_py/build/lib/src/find_object.py -> /home/jblevins32/IRR3/install/find_object_py/lib/python3.10/site-packages/src
copying /home/jblevins32/IRR3/build/find_object_py/build/lib/src/find_orange_ball.py -> /home/jblevins32/IRR3/install/find_object_py/lib/python3.10/site-packages/src
byte-compiling /home/jblevins32/IRR3/install/find_object_py/lib/python3.10/site-packages/src/__init__.py to __init__.cpython-310.pyc
byte-compiling /home/jblevins32/IRR3/install/find_object_py/lib/python3.10/site-packages/src/find_object.py to find_object.cpython-310.pyc
byte-compiling /home/jblevins32/IRR3/install/find_object_py/lib/python3.10/site-packages/src/find_orange_ball.py to find_orange_ball.cpython-310.pyc
running install_data
running install_egg_info
removing '/home/jblevins32/IRR3/install/find_object_py/lib/python3.10/site-packages/find_object_py-0.0.0-py3.10.egg-info' (and everything under it)
Copying ../../build/find_object_py/find_object_py.egg-info to /home/jblevins32/IRR3/install/find_object_py/lib/python3.10/site-packages/find_object_py-0.0.0-py3.10.egg-info
running install_scripts
Installing subscriber script to /home/jblevins32/IRR3/install/find_object_py/lib/find_object_py
writing list of installed files to '/home/jblevins32/IRR3/build/find_object_py/install.log'
