[0.010s] Invoking command in '/home/jblevins32/IRR3/build/chase_object': CMAKE_PREFIX_PATH=${CMAKE_PREFIX_PATH}:/home/jblevins32/IRR2/install/jacob_find_object_py:/home/jblevins32/IRR2/install/find_object_py:/opt/ros/humble DEBUGINFOD_URLS=https://debuginfod.ubuntu.com /usr/bin/cmake /home/jblevins32/IRR3/src/chase_object -DCMAKE_INSTALL_PREFIX=/home/jblevins32/IRR3/install/chase_object
[0.054s] -- The C compiler identification is GNU 11.4.0
[0.099s] -- The CXX compiler identification is GNU 11.4.0
[0.104s] -- Detecting C compiler ABI info
[0.154s] -- Detecting C compiler ABI info - done
[0.159s] -- Check for working C compiler: /usr/bin/cc - skipped
[0.159s] -- Detecting C compile features
[0.159s] -- Detecting C compile features - done
[0.161s] -- Detecting CXX compiler ABI info
[0.223s] -- Detecting CXX compiler ABI info - done
[0.228s] -- Check for working CXX compiler: /usr/bin/c++ - skipped
[0.228s] -- Detecting CXX compile features
[0.228s] -- Detecting CXX compile features - done
[0.230s] -- Found ament_cmake: 1.3.11 (/opt/ros/humble/share/ament_cmake/cmake)
[0.327s] -- Found Python3: /usr/bin/python3 (found version "3.10.12") found components: Interpreter 
[0.389s] -- Found rclcpp: 16.0.11 (/opt/ros/humble/share/rclcpp/cmake)
[0.417s] -- Found rosidl_generator_c: 3.1.6 (/opt/ros/humble/share/rosidl_generator_c/cmake)
[0.420s] -- Found rosidl_adapter: 3.1.6 (/opt/ros/humble/share/rosidl_adapter/cmake)
[0.425s] -- Found rosidl_generator_cpp: 3.1.6 (/opt/ros/humble/share/rosidl_generator_cpp/cmake)
[0.433s] -- Using all available rosidl_typesupport_c: rosidl_typesupport_fastrtps_c;rosidl_typesupport_introspection_c
[0.442s] -- Using all available rosidl_typesupport_cpp: rosidl_typesupport_fastrtps_cpp;rosidl_typesupport_introspection_cpp
[0.469s] -- Found rmw_implementation_cmake: 6.1.2 (/opt/ros/humble/share/rmw_implementation_cmake/cmake)
[0.470s] -- Found rmw_fastrtps_cpp: 6.2.7 (/opt/ros/humble/share/rmw_fastrtps_cpp/cmake)
[0.537s] -- Found OpenSSL: /usr/lib/x86_64-linux-gnu/libcrypto.so (found version "3.0.2")  
[0.562s] -- Found FastRTPS: /opt/ros/humble/include  
[0.599s] -- Using RMW implementation 'rmw_fastrtps_cpp' as default
[0.607s] -- Looking for pthread.h
[0.686s] -- Looking for pthread.h - found
[0.687s] -- Performing Test CMAKE_HAVE_LIBC_PTHREAD
[0.763s] -- Performing Test CMAKE_HAVE_LIBC_PTHREAD - Success
[0.764s] -- Found Threads: TRUE  
[0.800s] -- Found geometry_msgs: 4.2.4 (/opt/ros/humble/share/geometry_msgs/cmake)
[0.809s] -- Found ament_lint_auto: 0.12.11 (/opt/ros/humble/share/ament_lint_auto/cmake)
[0.874s] -- Added test 'cppcheck' to perform static code analysis on C / C++ code
[0.874s] -- Configured cppcheck include dirs: 
[0.874s] -- Configured cppcheck exclude dirs and/or files: 
[0.874s] -- Added test 'lint_cmake' to check CMake code style
[0.875s] -- Added test 'uncrustify' to check C / C++ code style
[0.875s] -- Configured uncrustify additional arguments: 
[0.875s] -- Added test 'xmllint' to check XML markup files
[0.876s] -- Configuring done
[0.882s] -- Generating done
[0.885s] -- Build files have been written to: /home/jblevins32/IRR3/build/chase_object
[0.892s] Invoked command in '/home/jblevins32/IRR3/build/chase_object' returned '0': CMAKE_PREFIX_PATH=${CMAKE_PREFIX_PATH}:/home/jblevins32/IRR2/install/jacob_find_object_py:/home/jblevins32/IRR2/install/find_object_py:/opt/ros/humble DEBUGINFOD_URLS=https://debuginfod.ubuntu.com /usr/bin/cmake /home/jblevins32/IRR3/src/chase_object -DCMAKE_INSTALL_PREFIX=/home/jblevins32/IRR3/install/chase_object
[0.892s] Invoking command in '/home/jblevins32/IRR3/build/chase_object': CMAKE_PREFIX_PATH=${CMAKE_PREFIX_PATH}:/home/jblevins32/IRR2/install/jacob_find_object_py:/home/jblevins32/IRR2/install/find_object_py:/opt/ros/humble DEBUGINFOD_URLS=https://debuginfod.ubuntu.com /usr/bin/cmake --build /home/jblevins32/IRR3/build/chase_object -- -j28 -l28
[0.932s] [ 25%] [32mBuilding CXX object CMakeFiles/chase_object_pubsub.dir/chase_object_pubsub/chase_object_pubsub.cpp.o[0m
[0.933s] [ 50%] [32mBuilding CXX object CMakeFiles/test_publisher.dir/chase_object_pubsub/test_publisher.cpp.o[0m
[3.412s] [ 75%] [32m[1mLinking CXX executable test_publisher[0m
[3.531s] [ 75%] Built target test_publisher
[5.851s] [100%] [32m[1mLinking CXX executable chase_object_pubsub[0m
[6.102s] [100%] Built target chase_object_pubsub
[6.113s] Invoked command in '/home/jblevins32/IRR3/build/chase_object' returned '0': CMAKE_PREFIX_PATH=${CMAKE_PREFIX_PATH}:/home/jblevins32/IRR2/install/jacob_find_object_py:/home/jblevins32/IRR2/install/find_object_py:/opt/ros/humble DEBUGINFOD_URLS=https://debuginfod.ubuntu.com /usr/bin/cmake --build /home/jblevins32/IRR3/build/chase_object -- -j28 -l28
[6.124s] Invoking command in '/home/jblevins32/IRR3/build/chase_object': CMAKE_PREFIX_PATH=${CMAKE_PREFIX_PATH}:/home/jblevins32/IRR2/install/jacob_find_object_py:/home/jblevins32/IRR2/install/find_object_py:/opt/ros/humble DEBUGINFOD_URLS=https://debuginfod.ubuntu.com /usr/bin/cmake --install /home/jblevins32/IRR3/build/chase_object
[6.132s] -- Install configuration: ""
[6.133s] -- Installing: /home/jblevins32/IRR3/install/chase_object/lib/chase_object/chase_object_pubsub
[6.135s] -- Set runtime path of "/home/jblevins32/IRR3/install/chase_object/lib/chase_object/chase_object_pubsub" to ""
[6.136s] -- Installing: /home/jblevins32/IRR3/install/chase_object/lib/chase_object/test_publisher
[6.136s] -- Set runtime path of "/home/jblevins32/IRR3/install/chase_object/lib/chase_object/test_publisher" to ""
[6.137s] -- Installing: /home/jblevins32/IRR3/install/chase_object/share/ament_index/resource_index/package_run_dependencies/chase_object
[6.137s] -- Installing: /home/jblevins32/IRR3/install/chase_object/share/ament_index/resource_index/parent_prefix_path/chase_object
[6.137s] -- Installing: /home/jblevins32/IRR3/install/chase_object/share/chase_object/environment/ament_prefix_path.sh
[6.137s] -- Installing: /home/jblevins32/IRR3/install/chase_object/share/chase_object/environment/ament_prefix_path.dsv
[6.137s] -- Installing: /home/jblevins32/IRR3/install/chase_object/share/chase_object/environment/path.sh
[6.137s] -- Installing: /home/jblevins32/IRR3/install/chase_object/share/chase_object/environment/path.dsv
[6.137s] -- Installing: /home/jblevins32/IRR3/install/chase_object/share/chase_object/local_setup.bash
[6.137s] -- Installing: /home/jblevins32/IRR3/install/chase_object/share/chase_object/local_setup.sh
[6.137s] -- Installing: /home/jblevins32/IRR3/install/chase_object/share/chase_object/local_setup.zsh
[6.137s] -- Installing: /home/jblevins32/IRR3/install/chase_object/share/chase_object/local_setup.dsv
[6.137s] -- Installing: /home/jblevins32/IRR3/install/chase_object/share/chase_object/package.dsv
[6.137s] -- Installing: /home/jblevins32/IRR3/install/chase_object/share/ament_index/resource_index/packages/chase_object
[6.137s] -- Installing: /home/jblevins32/IRR3/install/chase_object/share/chase_object/cmake/chase_objectConfig.cmake
[6.138s] -- Installing: /home/jblevins32/IRR3/install/chase_object/share/chase_object/cmake/chase_objectConfig-version.cmake
[6.138s] -- Installing: /home/jblevins32/IRR3/install/chase_object/share/chase_object/package.xml
[6.139s] Invoked command in '/home/jblevins32/IRR3/build/chase_object' returned '0': CMAKE_PREFIX_PATH=${CMAKE_PREFIX_PATH}:/home/jblevins32/IRR2/install/jacob_find_object_py:/home/jblevins32/IRR2/install/find_object_py:/opt/ros/humble DEBUGINFOD_URLS=https://debuginfod.ubuntu.com /usr/bin/cmake --install /home/jblevins32/IRR3/build/chase_object
