[0.379s] Invoking command in '/home/jblevins32/IRR3/src/find_object_py': DEBUGINFOD_URLS=https://debuginfod.ubuntu.com PYTHONPATH=/home/jblevins32/IRR3/build/find_object_py/prefix_override:/usr/lib/python3/dist-packages/colcon_core/task/python/colcon_distutils_commands:/home/jblevins32/IRR3/install/find_object_py/lib/python3.10/site-packages:${PYTHONPATH} /usr/bin/python3 -W ignore:setup.py install is deprecated -W ignore:easy_install command is deprecated setup.py egg_info --egg-base ../../build/find_object_py build --build-base /home/jblevins32/IRR3/build/find_object_py/build install --record /home/jblevins32/IRR3/build/find_object_py/install.log --single-version-externally-managed install_data
[0.526s] running egg_info
[0.526s] creating ../../build/find_object_py/find_object_py.egg-info
[0.526s] writing ../../build/find_object_py/find_object_py.egg-info/PKG-INFO
[0.526s] writing dependency_links to ../../build/find_object_py/find_object_py.egg-info/dependency_links.txt
[0.526s] writing entry points to ../../build/find_object_py/find_object_py.egg-info/entry_points.txt
[0.526s] writing requirements to ../../build/find_object_py/find_object_py.egg-info/requires.txt
[0.526s] writing top-level names to ../../build/find_object_py/find_object_py.egg-info/top_level.txt
[0.527s] writing manifest file '../../build/find_object_py/find_object_py.egg-info/SOURCES.txt'
[0.527s] reading manifest file '../../build/find_object_py/find_object_py.egg-info/SOURCES.txt'
[0.528s] writing manifest file '../../build/find_object_py/find_object_py.egg-info/SOURCES.txt'
[0.528s] running build
[0.528s] running build_py
[0.528s] creating /home/jblevins32/IRR3/build/find_object_py/build
[0.528s] creating /home/jblevins32/IRR3/build/find_object_py/build/lib
[0.528s] creating /home/jblevins32/IRR3/build/find_object_py/build/lib/find_object_py
[0.528s] copying find_object_py/__init__.py -> /home/jblevins32/IRR3/build/find_object_py/build/lib/find_object_py
[0.528s] copying find_object_py/find_object.py -> /home/jblevins32/IRR3/build/find_object_py/build/lib/find_object_py
[0.528s] copying find_object_py/find_orange_ball.py -> /home/jblevins32/IRR3/build/find_object_py/build/lib/find_object_py
[0.528s] running install
[0.528s] running install_lib
[0.529s] creating /home/jblevins32/IRR3/install/find_object_py/lib/python3.10/site-packages/find_object_py
[0.529s] copying /home/jblevins32/IRR3/build/find_object_py/build/lib/find_object_py/__init__.py -> /home/jblevins32/IRR3/install/find_object_py/lib/python3.10/site-packages/find_object_py
[0.529s] copying /home/jblevins32/IRR3/build/find_object_py/build/lib/find_object_py/find_object.py -> /home/jblevins32/IRR3/install/find_object_py/lib/python3.10/site-packages/find_object_py
[0.529s] copying /home/jblevins32/IRR3/build/find_object_py/build/lib/find_object_py/find_orange_ball.py -> /home/jblevins32/IRR3/install/find_object_py/lib/python3.10/site-packages/find_object_py
[0.529s] byte-compiling /home/jblevins32/IRR3/install/find_object_py/lib/python3.10/site-packages/find_object_py/__init__.py to __init__.cpython-310.pyc
[0.529s] byte-compiling /home/jblevins32/IRR3/install/find_object_py/lib/python3.10/site-packages/find_object_py/find_object.py to find_object.cpython-310.pyc
[0.529s] byte-compiling /home/jblevins32/IRR3/install/find_object_py/lib/python3.10/site-packages/find_object_py/find_orange_ball.py to find_orange_ball.cpython-310.pyc
[0.530s] running install_data
[0.530s] creating /home/jblevins32/IRR3/install/find_object_py/share/ament_index
[0.530s] creating /home/jblevins32/IRR3/install/find_object_py/share/ament_index/resource_index
[0.530s] creating /home/jblevins32/IRR3/install/find_object_py/share/ament_index/resource_index/packages
[0.530s] copying resource/find_object_py -> /home/jblevins32/IRR3/install/find_object_py/share/ament_index/resource_index/packages
[0.530s] copying package.xml -> /home/jblevins32/IRR3/install/find_object_py/share/find_object_py
[0.530s] creating /home/jblevins32/IRR3/install/find_object_py/share/find_object_py/launch
[0.530s] copying launch/follow_object.py -> /home/jblevins32/IRR3/install/find_object_py/share/find_object_py/launch
[0.530s] running install_egg_info
[0.531s] Copying ../../build/find_object_py/find_object_py.egg-info to /home/jblevins32/IRR3/install/find_object_py/lib/python3.10/site-packages/find_object_py-0.0.0-py3.10.egg-info
[0.531s] running install_scripts
[0.545s] Installing subscriber script to /home/jblevins32/IRR3/install/find_object_py/lib/find_object_py
[0.545s] writing list of installed files to '/home/jblevins32/IRR3/build/find_object_py/install.log'
[0.559s] Invoked command in '/home/jblevins32/IRR3/src/find_object_py' returned '0': DEBUGINFOD_URLS=https://debuginfod.ubuntu.com PYTHONPATH=/home/jblevins32/IRR3/build/find_object_py/prefix_override:/usr/lib/python3/dist-packages/colcon_core/task/python/colcon_distutils_commands:/home/jblevins32/IRR3/install/find_object_py/lib/python3.10/site-packages:${PYTHONPATH} /usr/bin/python3 -W ignore:setup.py install is deprecated -W ignore:easy_install command is deprecated setup.py egg_info --egg-base ../../build/find_object_py build --build-base /home/jblevins32/IRR3/build/find_object_py/build install --record /home/jblevins32/IRR3/build/find_object_py/install.log --single-version-externally-managed install_data
