[0.178s] Invoking command in '/home/jblevins32/IRR3/build/get_object_range': CMAKE_PREFIX_PATH=${CMAKE_PREFIX_PATH}:/home/jblevins32/IRR3/install/find_object_py:/home/jblevins32/IRR2/install/jacob_find_object_py:/home/jblevins32/IRR2/install/find_object_py:/opt/ros/humble DEBUGINFOD_URLS=https://debuginfod.ubuntu.com /usr/bin/cmake /home/jblevins32/IRR3/src/get_object_range -DCMAKE_INSTALL_PREFIX=/home/jblevins32/IRR3/install/get_object_range
[0.227s] -- The C compiler identification is GNU 11.4.0
[0.268s] -- The CXX compiler identification is GNU 11.4.0
[0.273s] -- Detecting C compiler ABI info
[0.344s] -- Detecting C compiler ABI info - done
[0.354s] -- Check for working C compiler: /usr/bin/cc - skipped
[0.354s] -- Detecting C compile features
[0.354s] -- Detecting C compile features - done
[0.357s] -- Detecting CXX compiler ABI info
[0.441s] -- Detecting CXX compiler ABI info - done
[0.448s] -- Check for working CXX compiler: /usr/bin/c++ - skipped
[0.449s] -- Detecting CXX compile features
[0.449s] -- Detecting CXX compile features - done
[0.452s] -- Found ament_cmake: 1.3.11 (/opt/ros/humble/share/ament_cmake/cmake)
[0.579s] -- Found Python3: /usr/bin/python3 (found version "3.10.12") found components: Interpreter 
[0.640s] -- Found ament_lint_auto: 0.12.11 (/opt/ros/humble/share/ament_lint_auto/cmake)
[0.701s] -- Added test 'lint_cmake' to check CMake code style
[0.702s] -- Added test 'xmllint' to check XML markup files
[0.702s] -- Configuring done
[0.704s] -- Generating done
[0.705s] -- Build files have been written to: /home/jblevins32/IRR3/build/get_object_range
