[0.170s] Invoking command in '/home/jblevins32/IRR3/build/get_object_range': CMAKE_PREFIX_PATH=${CMAKE_PREFIX_PATH}:/home/jblevins32/IRR3/install/find_object_py:/home/jblevins32/IRR2/install/jacob_find_object_py:/home/jblevins32/IRR2/install/find_object_py:/opt/ros/humble DEBUGINFOD_URLS=https://debuginfod.ubuntu.com /usr/bin/cmake --build /home/jblevins32/IRR3/build/get_object_range -- -j28 -l28
[0.200s] Invoked command in '/home/jblevins32/IRR3/build/get_object_range' returned '0': CMAKE_PREFIX_PATH=${CMAKE_PREFIX_PATH}:/home/jblevins32/IRR3/install/find_object_py:/home/jblevins32/IRR2/install/jacob_find_object_py:/home/jblevins32/IRR2/install/find_object_py:/opt/ros/humble DEBUGINFOD_URLS=https://debuginfod.ubuntu.com /usr/bin/cmake --build /home/jblevins32/IRR3/build/get_object_range -- -j28 -l28
[0.208s] Invoking command in '/home/jblevins32/IRR3/build/get_object_range': CMAKE_PREFIX_PATH=${CMAKE_PREFIX_PATH}:/home/jblevins32/IRR3/install/find_object_py:/home/jblevins32/IRR2/install/jacob_find_object_py:/home/jblevins32/IRR2/install/find_object_py:/opt/ros/humble DEBUGINFOD_URLS=https://debuginfod.ubuntu.com /usr/bin/cmake --install /home/jblevins32/IRR3/build/get_object_range
[0.214s] -- Install configuration: ""
[0.214s] -- Installing: /home/jblevins32/IRR3/install/get_object_range/share/ament_index/resource_index/package_run_dependencies/get_object_range
[0.214s] -- Installing: /home/jblevins32/IRR3/install/get_object_range/share/ament_index/resource_index/parent_prefix_path/get_object_range
[0.214s] -- Installing: /home/jblevins32/IRR3/install/get_object_range/share/get_object_range/environment/ament_prefix_path.sh
[0.214s] -- Installing: /home/jblevins32/IRR3/install/get_object_range/share/get_object_range/environment/ament_prefix_path.dsv
[0.215s] -- Installing: /home/jblevins32/IRR3/install/get_object_range/share/get_object_range/environment/path.sh
[0.215s] -- Installing: /home/jblevins32/IRR3/install/get_object_range/share/get_object_range/environment/path.dsv
[0.215s] -- Installing: /home/jblevins32/IRR3/install/get_object_range/share/get_object_range/local_setup.bash
[0.215s] -- Installing: /home/jblevins32/IRR3/install/get_object_range/share/get_object_range/local_setup.sh
[0.215s] -- Installing: /home/jblevins32/IRR3/install/get_object_range/share/get_object_range/local_setup.zsh
[0.215s] -- Installing: /home/jblevins32/IRR3/install/get_object_range/share/get_object_range/local_setup.dsv
[0.215s] -- Installing: /home/jblevins32/IRR3/install/get_object_range/share/get_object_range/package.dsv
[0.215s] -- Installing: /home/jblevins32/IRR3/install/get_object_range/share/ament_index/resource_index/packages/get_object_range
[0.215s] -- Installing: /home/jblevins32/IRR3/install/get_object_range/share/get_object_range/cmake/get_object_rangeConfig.cmake
[0.215s] -- Installing: /home/jblevins32/IRR3/install/get_object_range/share/get_object_range/cmake/get_object_rangeConfig-version.cmake
[0.215s] -- Installing: /home/jblevins32/IRR3/install/get_object_range/share/get_object_range/package.xml
[0.216s] Invoked command in '/home/jblevins32/IRR3/build/get_object_range' returned '0': CMAKE_PREFIX_PATH=${CMAKE_PREFIX_PATH}:/home/jblevins32/IRR3/install/find_object_py:/home/jblevins32/IRR2/install/jacob_find_object_py:/home/jblevins32/IRR2/install/find_object_py:/opt/ros/humble DEBUGINFOD_URLS=https://debuginfod.ubuntu.com /usr/bin/cmake --install /home/jblevins32/IRR3/build/get_object_range
