[0.065s] DEBUG:colcon:Command line arguments: ['/usr/bin/colcon', 'build']
[0.066s] DEBUG:colcon:Parsed command line arguments: Namespace(log_base=None, log_level=None, verb_name='build', build_base='build', install_base='install', merge_install=False, symlink_install=False, test_result_base=None, continue_on_error=False, executor='parallel', parallel_workers=28, event_handlers=None, ignore_user_meta=False, metas=['./colcon.meta'], base_paths=['.'], packages_ignore=None, packages_ignore_regex=None, paths=None, packages_up_to=None, packages_up_to_regex=None, packages_above=None, packages_above_and_dependencies=None, packages_above_depth=None, packages_select_by_dep=None, packages_skip_by_dep=None, packages_skip_up_to=None, packages_select_build_failed=False, packages_skip_build_finished=False, packages_select_test_failures=False, packages_skip_test_passed=False, packages_select=None, packages_skip=None, packages_select_regex=None, packages_skip_regex=None, packages_start=None, packages_end=None, allow_overriding=[], cmake_args=None, cmake_target=None, cmake_target_skip_unavailable=False, cmake_clean_cache=False, cmake_clean_first=False, cmake_force_configure=False, ament_cmake_args=None, catkin_cmake_args=None, catkin_skip_building_tests=False, mixin_files=None, mixin=None, verb_parser=<colcon_mixin.mixin.mixin_argument.MixinArgumentDecorator object at 0x7905a3966320>, verb_extension=<colcon_core.verb.build.BuildVerb object at 0x7905a3a6f940>, main=<bound method BuildVerb.main of <colcon_core.verb.build.BuildVerb object at 0x7905a3a6f940>>, mixin_verb=('build',))
[0.169s] Level 1:colcon.colcon_core.package_discovery:discover_packages(colcon_meta) check parameters
[0.169s] Level 1:colcon.colcon_core.package_discovery:discover_packages(recursive) check parameters
[0.169s] Level 1:colcon.colcon_core.package_discovery:discover_packages(ignore) check parameters
[0.169s] Level 1:colcon.colcon_core.package_discovery:discover_packages(path) check parameters
[0.169s] Level 1:colcon.colcon_core.package_discovery:discover_packages(colcon_meta) discover
[0.169s] Level 1:colcon.colcon_core.package_discovery:discover_packages(recursive) discover
[0.169s] INFO:colcon.colcon_core.package_discovery:Crawling recursively for packages in '/home/jblevins32/IRR3'
[0.169s] Level 1:colcon.colcon_core.package_identification:_identify(.) by extensions ['ignore', 'ignore_ament_install']
[0.169s] Level 1:colcon.colcon_core.package_identification:_identify(.) by extension 'ignore'
[0.169s] Level 1:colcon.colcon_core.package_identification:_identify(.) by extension 'ignore_ament_install'
[0.169s] Level 1:colcon.colcon_core.package_identification:_identify(.) by extensions ['colcon_pkg']
[0.169s] Level 1:colcon.colcon_core.package_identification:_identify(.) by extension 'colcon_pkg'
[0.169s] Level 1:colcon.colcon_core.package_identification:_identify(.) by extensions ['colcon_meta']
[0.169s] Level 1:colcon.colcon_core.package_identification:_identify(.) by extension 'colcon_meta'
[0.169s] Level 1:colcon.colcon_core.package_identification:_identify(.) by extensions ['ros']
[0.169s] Level 1:colcon.colcon_core.package_identification:_identify(.) by extension 'ros'
[0.189s] Level 1:colcon.colcon_core.package_identification:_identify(.) by extensions ['cmake', 'python']
[0.189s] Level 1:colcon.colcon_core.package_identification:_identify(.) by extension 'cmake'
[0.189s] Level 1:colcon.colcon_core.package_identification:_identify(.) by extension 'python'
[0.189s] Level 1:colcon.colcon_core.package_identification:_identify(.) by extensions ['python_setup_py']
[0.189s] Level 1:colcon.colcon_core.package_identification:_identify(.) by extension 'python_setup_py'
[0.190s] Level 1:colcon.colcon_core.package_identification:_identify(build) by extensions ['ignore', 'ignore_ament_install']
[0.190s] Level 1:colcon.colcon_core.package_identification:_identify(build) by extension 'ignore'
[0.190s] Level 1:colcon.colcon_core.package_identification:_identify(build) ignored
[0.190s] Level 1:colcon.colcon_core.package_identification:_identify(install) by extensions ['ignore', 'ignore_ament_install']
[0.190s] Level 1:colcon.colcon_core.package_identification:_identify(install) by extension 'ignore'
[0.190s] Level 1:colcon.colcon_core.package_identification:_identify(install) ignored
[0.190s] Level 1:colcon.colcon_core.package_identification:_identify(log) by extensions ['ignore', 'ignore_ament_install']
[0.190s] Level 1:colcon.colcon_core.package_identification:_identify(log) by extension 'ignore'
[0.190s] Level 1:colcon.colcon_core.package_identification:_identify(log) ignored
[0.190s] Level 1:colcon.colcon_core.package_identification:_identify(src) by extensions ['ignore', 'ignore_ament_install']
[0.190s] Level 1:colcon.colcon_core.package_identification:_identify(src) by extension 'ignore'
[0.190s] Level 1:colcon.colcon_core.package_identification:_identify(src) by extension 'ignore_ament_install'
[0.190s] Level 1:colcon.colcon_core.package_identification:_identify(src) by extensions ['colcon_pkg']
[0.190s] Level 1:colcon.colcon_core.package_identification:_identify(src) by extension 'colcon_pkg'
[0.190s] Level 1:colcon.colcon_core.package_identification:_identify(src) by extensions ['colcon_meta']
[0.190s] Level 1:colcon.colcon_core.package_identification:_identify(src) by extension 'colcon_meta'
[0.190s] Level 1:colcon.colcon_core.package_identification:_identify(src) by extensions ['ros']
[0.190s] Level 1:colcon.colcon_core.package_identification:_identify(src) by extension 'ros'
[0.190s] Level 1:colcon.colcon_core.package_identification:_identify(src) by extensions ['cmake', 'python']
[0.190s] Level 1:colcon.colcon_core.package_identification:_identify(src) by extension 'cmake'
[0.190s] Level 1:colcon.colcon_core.package_identification:_identify(src) by extension 'python'
[0.190s] Level 1:colcon.colcon_core.package_identification:_identify(src) by extensions ['python_setup_py']
[0.190s] Level 1:colcon.colcon_core.package_identification:_identify(src) by extension 'python_setup_py'
[0.190s] Level 1:colcon.colcon_core.package_identification:_identify(src/chase_object) by extensions ['ignore', 'ignore_ament_install']
[0.190s] Level 1:colcon.colcon_core.package_identification:_identify(src/chase_object) by extension 'ignore'
[0.190s] Level 1:colcon.colcon_core.package_identification:_identify(src/chase_object) by extension 'ignore_ament_install'
[0.190s] Level 1:colcon.colcon_core.package_identification:_identify(src/chase_object) by extensions ['colcon_pkg']
[0.190s] Level 1:colcon.colcon_core.package_identification:_identify(src/chase_object) by extension 'colcon_pkg'
[0.190s] Level 1:colcon.colcon_core.package_identification:_identify(src/chase_object) by extensions ['colcon_meta']
[0.190s] Level 1:colcon.colcon_core.package_identification:_identify(src/chase_object) by extension 'colcon_meta'
[0.190s] Level 1:colcon.colcon_core.package_identification:_identify(src/chase_object) by extensions ['ros']
[0.190s] Level 1:colcon.colcon_core.package_identification:_identify(src/chase_object) by extension 'ros'
[0.192s] DEBUG:colcon.colcon_core.package_identification:Package 'src/chase_object' with type 'ros.ament_cmake' and name 'chase_object'
[0.192s] Level 1:colcon.colcon_core.package_identification:_identify(src/find_object_py) by extensions ['ignore', 'ignore_ament_install']
[0.192s] Level 1:colcon.colcon_core.package_identification:_identify(src/find_object_py) by extension 'ignore'
[0.192s] Level 1:colcon.colcon_core.package_identification:_identify(src/find_object_py) by extension 'ignore_ament_install'
[0.192s] Level 1:colcon.colcon_core.package_identification:_identify(src/find_object_py) by extensions ['colcon_pkg']
[0.192s] Level 1:colcon.colcon_core.package_identification:_identify(src/find_object_py) by extension 'colcon_pkg'
[0.192s] Level 1:colcon.colcon_core.package_identification:_identify(src/find_object_py) by extensions ['colcon_meta']
[0.192s] Level 1:colcon.colcon_core.package_identification:_identify(src/find_object_py) by extension 'colcon_meta'
[0.192s] Level 1:colcon.colcon_core.package_identification:_identify(src/find_object_py) by extensions ['ros']
[0.192s] Level 1:colcon.colcon_core.package_identification:_identify(src/find_object_py) by extension 'ros'
[0.193s] DEBUG:colcon.colcon_core.package_identification:Package 'src/find_object_py' with type 'ros.ament_python' and name 'find_object_py'
[0.193s] Level 1:colcon.colcon_core.package_identification:_identify(src/get_object_range) by extensions ['ignore', 'ignore_ament_install']
[0.193s] Level 1:colcon.colcon_core.package_identification:_identify(src/get_object_range) by extension 'ignore'
[0.193s] Level 1:colcon.colcon_core.package_identification:_identify(src/get_object_range) by extension 'ignore_ament_install'
[0.193s] Level 1:colcon.colcon_core.package_identification:_identify(src/get_object_range) by extensions ['colcon_pkg']
[0.193s] Level 1:colcon.colcon_core.package_identification:_identify(src/get_object_range) by extension 'colcon_pkg'
[0.193s] Level 1:colcon.colcon_core.package_identification:_identify(src/get_object_range) by extensions ['colcon_meta']
[0.193s] Level 1:colcon.colcon_core.package_identification:_identify(src/get_object_range) by extension 'colcon_meta'
[0.193s] Level 1:colcon.colcon_core.package_identification:_identify(src/get_object_range) by extensions ['ros']
[0.193s] Level 1:colcon.colcon_core.package_identification:_identify(src/get_object_range) by extension 'ros'
[0.193s] DEBUG:colcon.colcon_core.package_identification:Package 'src/get_object_range' with type 'ros.ament_cmake' and name 'get_object_range'
[0.193s] Level 1:colcon.colcon_core.package_discovery:discover_packages(recursive) using defaults
[0.193s] Level 1:colcon.colcon_core.package_discovery:discover_packages(ignore) discover
[0.193s] Level 1:colcon.colcon_core.package_discovery:discover_packages(ignore) using defaults
[0.193s] Level 1:colcon.colcon_core.package_discovery:discover_packages(path) discover
[0.193s] Level 1:colcon.colcon_core.package_discovery:discover_packages(path) using defaults
[0.206s] Level 1:colcon.colcon_core.package_discovery:discover_packages(prefix_path) check parameters
[0.206s] Level 1:colcon.colcon_core.package_discovery:discover_packages(prefix_path) discover
[0.207s] DEBUG:colcon.colcon_installed_package_information.package_discovery:Found 2 installed packages in /home/jblevins32/IRR3/install
[0.207s] DEBUG:colcon.colcon_installed_package_information.package_discovery:Found 3 installed packages in /home/jblevins32/IRR2/install
[0.208s] DEBUG:colcon.colcon_installed_package_information.package_discovery:Found 284 installed packages in /opt/ros/humble
[0.209s] Level 1:colcon.colcon_core.package_discovery:discover_packages(prefix_path) using defaults
[0.229s] Level 5:colcon.colcon_core.verb:set package 'chase_object' build argument 'cmake_args' from command line to 'None'
[0.229s] Level 5:colcon.colcon_core.verb:set package 'chase_object' build argument 'cmake_target' from command line to 'None'
[0.229s] Level 5:colcon.colcon_core.verb:set package 'chase_object' build argument 'cmake_target_skip_unavailable' from command line to 'False'
[0.230s] Level 5:colcon.colcon_core.verb:set package 'chase_object' build argument 'cmake_clean_cache' from command line to 'False'
[0.230s] Level 5:colcon.colcon_core.verb:set package 'chase_object' build argument 'cmake_clean_first' from command line to 'False'
[0.230s] Level 5:colcon.colcon_core.verb:set package 'chase_object' build argument 'cmake_force_configure' from command line to 'False'
[0.230s] Level 5:colcon.colcon_core.verb:set package 'chase_object' build argument 'ament_cmake_args' from command line to 'None'
[0.230s] Level 5:colcon.colcon_core.verb:set package 'chase_object' build argument 'catkin_cmake_args' from command line to 'None'
[0.230s] Level 5:colcon.colcon_core.verb:set package 'chase_object' build argument 'catkin_skip_building_tests' from command line to 'False'
[0.230s] DEBUG:colcon.colcon_core.verb:Building package 'chase_object' with the following arguments: {'ament_cmake_args': None, 'build_base': '/home/jblevins32/IRR3/build/chase_object', 'catkin_cmake_args': None, 'catkin_skip_building_tests': False, 'cmake_args': None, 'cmake_clean_cache': False, 'cmake_clean_first': False, 'cmake_force_configure': False, 'cmake_target': None, 'cmake_target_skip_unavailable': False, 'install_base': '/home/jblevins32/IRR3/install/chase_object', 'merge_install': False, 'path': '/home/jblevins32/IRR3/src/chase_object', 'symlink_install': False, 'test_result_base': None}
[0.230s] Level 5:colcon.colcon_core.verb:set package 'find_object_py' build argument 'cmake_args' from command line to 'None'
[0.230s] Level 5:colcon.colcon_core.verb:set package 'find_object_py' build argument 'cmake_target' from command line to 'None'
[0.230s] Level 5:colcon.colcon_core.verb:set package 'find_object_py' build argument 'cmake_target_skip_unavailable' from command line to 'False'
[0.230s] Level 5:colcon.colcon_core.verb:set package 'find_object_py' build argument 'cmake_clean_cache' from command line to 'False'
[0.230s] Level 5:colcon.colcon_core.verb:set package 'find_object_py' build argument 'cmake_clean_first' from command line to 'False'
[0.230s] Level 5:colcon.colcon_core.verb:set package 'find_object_py' build argument 'cmake_force_configure' from command line to 'False'
[0.230s] Level 5:colcon.colcon_core.verb:set package 'find_object_py' build argument 'ament_cmake_args' from command line to 'None'
[0.230s] Level 5:colcon.colcon_core.verb:set package 'find_object_py' build argument 'catkin_cmake_args' from command line to 'None'
[0.230s] Level 5:colcon.colcon_core.verb:set package 'find_object_py' build argument 'catkin_skip_building_tests' from command line to 'False'
[0.230s] DEBUG:colcon.colcon_core.verb:Building package 'find_object_py' with the following arguments: {'ament_cmake_args': None, 'build_base': '/home/jblevins32/IRR3/build/find_object_py', 'catkin_cmake_args': None, 'catkin_skip_building_tests': False, 'cmake_args': None, 'cmake_clean_cache': False, 'cmake_clean_first': False, 'cmake_force_configure': False, 'cmake_target': None, 'cmake_target_skip_unavailable': False, 'install_base': '/home/jblevins32/IRR3/install/find_object_py', 'merge_install': False, 'path': '/home/jblevins32/IRR3/src/find_object_py', 'symlink_install': False, 'test_result_base': None}
[0.230s] Level 5:colcon.colcon_core.verb:set package 'get_object_range' build argument 'cmake_args' from command line to 'None'
[0.230s] Level 5:colcon.colcon_core.verb:set package 'get_object_range' build argument 'cmake_target' from command line to 'None'
[0.230s] Level 5:colcon.colcon_core.verb:set package 'get_object_range' build argument 'cmake_target_skip_unavailable' from command line to 'False'
[0.230s] Level 5:colcon.colcon_core.verb:set package 'get_object_range' build argument 'cmake_clean_cache' from command line to 'False'
[0.230s] Level 5:colcon.colcon_core.verb:set package 'get_object_range' build argument 'cmake_clean_first' from command line to 'False'
[0.230s] Level 5:colcon.colcon_core.verb:set package 'get_object_range' build argument 'cmake_force_configure' from command line to 'False'
[0.230s] Level 5:colcon.colcon_core.verb:set package 'get_object_range' build argument 'ament_cmake_args' from command line to 'None'
[0.230s] Level 5:colcon.colcon_core.verb:set package 'get_object_range' build argument 'catkin_cmake_args' from command line to 'None'
[0.230s] Level 5:colcon.colcon_core.verb:set package 'get_object_range' build argument 'catkin_skip_building_tests' from command line to 'False'
[0.230s] DEBUG:colcon.colcon_core.verb:Building package 'get_object_range' with the following arguments: {'ament_cmake_args': None, 'build_base': '/home/jblevins32/IRR3/build/get_object_range', 'catkin_cmake_args': None, 'catkin_skip_building_tests': False, 'cmake_args': None, 'cmake_clean_cache': False, 'cmake_clean_first': False, 'cmake_force_configure': False, 'cmake_target': None, 'cmake_target_skip_unavailable': False, 'install_base': '/home/jblevins32/IRR3/install/get_object_range', 'merge_install': False, 'path': '/home/jblevins32/IRR3/src/get_object_range', 'symlink_install': False, 'test_result_base': None}
[0.230s] INFO:colcon.colcon_core.executor:Executing jobs using 'parallel' executor
[0.231s] DEBUG:colcon.colcon_parallel_executor.executor.parallel:run_until_complete
[0.232s] INFO:colcon.colcon_ros.task.ament_cmake.build:Building ROS package in '/home/jblevins32/IRR3/src/chase_object' with build type 'ament_cmake'
[0.232s] INFO:colcon.colcon_cmake.task.cmake.build:Building CMake package in '/home/jblevins32/IRR3/src/chase_object'
[0.233s] INFO:colcon.colcon_core.plugin_system:Skipping extension 'colcon_core.shell.bat': Not used on non-Windows systems
[0.233s] INFO:colcon.colcon_core.shell:Skip shell extension 'powershell' for command environment: Not usable outside of PowerShell
[0.233s] DEBUG:colcon.colcon_core.shell:Skip shell extension 'dsv' for command environment
[0.236s] INFO:colcon.colcon_ros.task.ament_python.build:Building ROS package in '/home/jblevins32/IRR3/src/find_object_py' with build type 'ament_python'
[0.236s] Level 1:colcon.colcon_core.shell:create_environment_hook('find_object_py', 'ament_prefix_path')
[0.236s] INFO:colcon.colcon_core.shell:Creating environment hook '/home/jblevins32/IRR3/install/find_object_py/share/find_object_py/hook/ament_prefix_path.ps1'
[0.236s] INFO:colcon.colcon_core.shell:Creating environment descriptor '/home/jblevins32/IRR3/install/find_object_py/share/find_object_py/hook/ament_prefix_path.dsv'
[0.236s] INFO:colcon.colcon_core.shell:Creating environment hook '/home/jblevins32/IRR3/install/find_object_py/share/find_object_py/hook/ament_prefix_path.sh'
[0.237s] INFO:colcon.colcon_core.shell:Skip shell extension 'powershell' for command environment: Not usable outside of PowerShell
[0.237s] DEBUG:colcon.colcon_core.shell:Skip shell extension 'dsv' for command environment
[0.239s] INFO:colcon.colcon_ros.task.ament_cmake.build:Building ROS package in '/home/jblevins32/IRR3/src/get_object_range' with build type 'ament_cmake'
[0.239s] INFO:colcon.colcon_cmake.task.cmake.build:Building CMake package in '/home/jblevins32/IRR3/src/get_object_range'
[0.239s] INFO:colcon.colcon_core.shell:Skip shell extension 'powershell' for command environment: Not usable outside of PowerShell
[0.239s] DEBUG:colcon.colcon_core.shell:Skip shell extension 'dsv' for command environment
[0.244s] DEBUG:colcon.colcon_core.event_handler.log_command:Invoking command in '/home/jblevins32/IRR3/build/chase_object': CMAKE_PREFIX_PATH=${CMAKE_PREFIX_PATH}:/home/jblevins32/IRR3/install/find_object_py:/home/jblevins32/IRR2/install/jacob_find_object_py:/home/jblevins32/IRR2/install/find_object_py:/opt/ros/humble DEBUGINFOD_URLS=https://debuginfod.ubuntu.com /usr/bin/cmake --build /home/jblevins32/IRR3/build/chase_object -- -j28 -l28
[0.403s] INFO:colcon.colcon_core.task.python.build:Building Python package in '/home/jblevins32/IRR3/src/find_object_py'
[0.403s] INFO:colcon.colcon_core.shell:Skip shell extension 'powershell' for command environment: Not usable outside of PowerShell
[0.403s] DEBUG:colcon.colcon_core.shell:Skip shell extension 'dsv' for command environment
[0.410s] DEBUG:colcon.colcon_core.event_handler.log_command:Invoking command in '/home/jblevins32/IRR3/build/get_object_range': CMAKE_PREFIX_PATH=${CMAKE_PREFIX_PATH}:/home/jblevins32/IRR3/install/find_object_py:/home/jblevins32/IRR2/install/jacob_find_object_py:/home/jblevins32/IRR2/install/find_object_py:/opt/ros/humble DEBUGINFOD_URLS=https://debuginfod.ubuntu.com /usr/bin/cmake --build /home/jblevins32/IRR3/build/get_object_range -- -j28 -l28
[0.440s] DEBUG:colcon.colcon_core.event_handler.log_command:Invoked command in '/home/jblevins32/IRR3/build/get_object_range' returned '0': CMAKE_PREFIX_PATH=${CMAKE_PREFIX_PATH}:/home/jblevins32/IRR3/install/find_object_py:/home/jblevins32/IRR2/install/jacob_find_object_py:/home/jblevins32/IRR2/install/find_object_py:/opt/ros/humble DEBUGINFOD_URLS=https://debuginfod.ubuntu.com /usr/bin/cmake --build /home/jblevins32/IRR3/build/get_object_range -- -j28 -l28
[0.448s] DEBUG:colcon.colcon_core.event_handler.log_command:Invoking command in '/home/jblevins32/IRR3/build/get_object_range': CMAKE_PREFIX_PATH=${CMAKE_PREFIX_PATH}:/home/jblevins32/IRR3/install/find_object_py:/home/jblevins32/IRR2/install/jacob_find_object_py:/home/jblevins32/IRR2/install/find_object_py:/opt/ros/humble DEBUGINFOD_URLS=https://debuginfod.ubuntu.com /usr/bin/cmake --install /home/jblevins32/IRR3/build/get_object_range
[0.456s] Level 1:colcon.colcon_core.environment:create_environment_scripts_only(get_object_range)
[0.456s] DEBUG:colcon.colcon_core.event_handler.log_command:Invoked command in '/home/jblevins32/IRR3/build/get_object_range' returned '0': CMAKE_PREFIX_PATH=${CMAKE_PREFIX_PATH}:/home/jblevins32/IRR3/install/find_object_py:/home/jblevins32/IRR2/install/jacob_find_object_py:/home/jblevins32/IRR2/install/find_object_py:/opt/ros/humble DEBUGINFOD_URLS=https://debuginfod.ubuntu.com /usr/bin/cmake --install /home/jblevins32/IRR3/build/get_object_range
[0.458s] Level 1:colcon.colcon_core.environment:checking '/home/jblevins32/IRR3/install/get_object_range' for CMake module files
[0.458s] Level 1:colcon.colcon_core.environment:checking '/home/jblevins32/IRR3/install/get_object_range' for CMake config files
[0.458s] Level 1:colcon.colcon_core.shell:create_environment_hook('get_object_range', 'cmake_prefix_path')
[0.458s] INFO:colcon.colcon_core.shell:Creating environment hook '/home/jblevins32/IRR3/install/get_object_range/share/get_object_range/hook/cmake_prefix_path.ps1'
[0.458s] INFO:colcon.colcon_core.shell:Creating environment descriptor '/home/jblevins32/IRR3/install/get_object_range/share/get_object_range/hook/cmake_prefix_path.dsv'
[0.458s] INFO:colcon.colcon_core.shell:Creating environment hook '/home/jblevins32/IRR3/install/get_object_range/share/get_object_range/hook/cmake_prefix_path.sh'
[0.459s] Level 1:colcon.colcon_core.environment:checking '/home/jblevins32/IRR3/install/get_object_range/bin'
[0.459s] Level 1:colcon.colcon_core.environment:checking '/home/jblevins32/IRR3/install/get_object_range/lib/pkgconfig/get_object_range.pc'
[0.459s] Level 1:colcon.colcon_core.environment:checking '/home/jblevins32/IRR3/install/get_object_range/lib/python3.10/site-packages'
[0.459s] Level 1:colcon.colcon_core.environment:checking '/home/jblevins32/IRR3/install/get_object_range/bin'
[0.459s] INFO:colcon.colcon_core.shell:Creating package script '/home/jblevins32/IRR3/install/get_object_range/share/get_object_range/package.ps1'
[0.460s] INFO:colcon.colcon_core.shell:Creating package descriptor '/home/jblevins32/IRR3/install/get_object_range/share/get_object_range/package.dsv'
[0.460s] INFO:colcon.colcon_core.shell:Creating package script '/home/jblevins32/IRR3/install/get_object_range/share/get_object_range/package.sh'
[0.460s] INFO:colcon.colcon_core.shell:Creating package script '/home/jblevins32/IRR3/install/get_object_range/share/get_object_range/package.bash'
[0.461s] INFO:colcon.colcon_core.shell:Creating package script '/home/jblevins32/IRR3/install/get_object_range/share/get_object_range/package.zsh'
[0.461s] Level 1:colcon.colcon_core.environment:create_file_with_runtime_dependencies(/home/jblevins32/IRR3/install/get_object_range/share/colcon-core/packages/get_object_range)
[0.461s] Level 1:colcon.colcon_core.environment:create_environment_scripts_only(get_object_range)
[0.461s] Level 1:colcon.colcon_core.environment:checking '/home/jblevins32/IRR3/install/get_object_range' for CMake module files
[0.462s] Level 1:colcon.colcon_core.environment:checking '/home/jblevins32/IRR3/install/get_object_range' for CMake config files
[0.462s] Level 1:colcon.colcon_core.shell:create_environment_hook('get_object_range', 'cmake_prefix_path')
[0.462s] INFO:colcon.colcon_core.shell:Creating environment hook '/home/jblevins32/IRR3/install/get_object_range/share/get_object_range/hook/cmake_prefix_path.ps1'
[0.462s] INFO:colcon.colcon_core.shell:Creating environment descriptor '/home/jblevins32/IRR3/install/get_object_range/share/get_object_range/hook/cmake_prefix_path.dsv'
[0.462s] INFO:colcon.colcon_core.shell:Creating environment hook '/home/jblevins32/IRR3/install/get_object_range/share/get_object_range/hook/cmake_prefix_path.sh'
[0.463s] Level 1:colcon.colcon_core.environment:checking '/home/jblevins32/IRR3/install/get_object_range/bin'
[0.463s] Level 1:colcon.colcon_core.environment:checking '/home/jblevins32/IRR3/install/get_object_range/lib/pkgconfig/get_object_range.pc'
[0.463s] Level 1:colcon.colcon_core.environment:checking '/home/jblevins32/IRR3/install/get_object_range/lib/python3.10/site-packages'
[0.463s] Level 1:colcon.colcon_core.environment:checking '/home/jblevins32/IRR3/install/get_object_range/bin'
[0.463s] INFO:colcon.colcon_core.shell:Creating package script '/home/jblevins32/IRR3/install/get_object_range/share/get_object_range/package.ps1'
[0.463s] INFO:colcon.colcon_core.shell:Creating package descriptor '/home/jblevins32/IRR3/install/get_object_range/share/get_object_range/package.dsv'
[0.464s] INFO:colcon.colcon_core.shell:Creating package script '/home/jblevins32/IRR3/install/get_object_range/share/get_object_range/package.sh'
[0.464s] INFO:colcon.colcon_core.shell:Creating package script '/home/jblevins32/IRR3/install/get_object_range/share/get_object_range/package.bash'
[0.464s] INFO:colcon.colcon_core.shell:Creating package script '/home/jblevins32/IRR3/install/get_object_range/share/get_object_range/package.zsh'
[0.464s] Level 1:colcon.colcon_core.environment:create_file_with_runtime_dependencies(/home/jblevins32/IRR3/install/get_object_range/share/colcon-core/packages/get_object_range)
[0.610s] DEBUG:colcon.colcon_core.event_handler.log_command:Invoking command in '/home/jblevins32/IRR3/src/find_object_py': DEBUGINFOD_URLS=https://debuginfod.ubuntu.com PYTHONPATH=/home/jblevins32/IRR3/build/find_object_py/prefix_override:/usr/lib/python3/dist-packages/colcon_core/task/python/colcon_distutils_commands:/home/jblevins32/IRR3/install/find_object_py/lib/python3.10/site-packages:${PYTHONPATH} /usr/bin/python3 -W ignore:setup.py install is deprecated -W ignore:easy_install command is deprecated setup.py egg_info --egg-base ../../build/find_object_py build --build-base /home/jblevins32/IRR3/build/find_object_py/build install --record /home/jblevins32/IRR3/build/find_object_py/install.log --single-version-externally-managed install_data
[0.789s] Level 1:colcon.colcon_core.environment:checking '/home/jblevins32/IRR3/install/find_object_py' for CMake module files
[0.790s] DEBUG:colcon.colcon_core.event_handler.log_command:Invoked command in '/home/jblevins32/IRR3/src/find_object_py' returned '0': DEBUGINFOD_URLS=https://debuginfod.ubuntu.com PYTHONPATH=/home/jblevins32/IRR3/build/find_object_py/prefix_override:/usr/lib/python3/dist-packages/colcon_core/task/python/colcon_distutils_commands:/home/jblevins32/IRR3/install/find_object_py/lib/python3.10/site-packages:${PYTHONPATH} /usr/bin/python3 -W ignore:setup.py install is deprecated -W ignore:easy_install command is deprecated setup.py egg_info --egg-base ../../build/find_object_py build --build-base /home/jblevins32/IRR3/build/find_object_py/build install --record /home/jblevins32/IRR3/build/find_object_py/install.log --single-version-externally-managed install_data
[0.790s] Level 1:colcon.colcon_core.environment:checking '/home/jblevins32/IRR3/install/find_object_py' for CMake config files
[0.791s] Level 1:colcon.colcon_core.environment:checking '/home/jblevins32/IRR3/install/find_object_py/lib'
[0.791s] Level 1:colcon.colcon_core.environment:checking '/home/jblevins32/IRR3/install/find_object_py/bin'
[0.791s] Level 1:colcon.colcon_core.environment:checking '/home/jblevins32/IRR3/install/find_object_py/lib/pkgconfig/find_object_py.pc'
[0.791s] Level 1:colcon.colcon_core.environment:checking '/home/jblevins32/IRR3/install/find_object_py/lib/python3.10/site-packages'
[0.791s] Level 1:colcon.colcon_core.shell:create_environment_hook('find_object_py', 'pythonpath')
[0.791s] INFO:colcon.colcon_core.shell:Creating environment hook '/home/jblevins32/IRR3/install/find_object_py/share/find_object_py/hook/pythonpath.ps1'
[0.792s] INFO:colcon.colcon_core.shell:Creating environment descriptor '/home/jblevins32/IRR3/install/find_object_py/share/find_object_py/hook/pythonpath.dsv'
[0.792s] INFO:colcon.colcon_core.shell:Creating environment hook '/home/jblevins32/IRR3/install/find_object_py/share/find_object_py/hook/pythonpath.sh'
[0.792s] Level 1:colcon.colcon_core.environment:checking '/home/jblevins32/IRR3/install/find_object_py/bin'
[0.792s] Level 1:colcon.colcon_core.environment:create_environment_scripts_only(find_object_py)
[0.792s] INFO:colcon.colcon_core.shell:Creating package script '/home/jblevins32/IRR3/install/find_object_py/share/find_object_py/package.ps1'
[0.793s] INFO:colcon.colcon_core.shell:Creating package descriptor '/home/jblevins32/IRR3/install/find_object_py/share/find_object_py/package.dsv'
[0.793s] INFO:colcon.colcon_core.shell:Creating package script '/home/jblevins32/IRR3/install/find_object_py/share/find_object_py/package.sh'
[0.793s] INFO:colcon.colcon_core.shell:Creating package script '/home/jblevins32/IRR3/install/find_object_py/share/find_object_py/package.bash'
[0.793s] INFO:colcon.colcon_core.shell:Creating package script '/home/jblevins32/IRR3/install/find_object_py/share/find_object_py/package.zsh'
[0.793s] Level 1:colcon.colcon_core.environment:create_file_with_runtime_dependencies(/home/jblevins32/IRR3/install/find_object_py/share/colcon-core/packages/find_object_py)
[5.767s] DEBUG:colcon.colcon_core.event_handler.log_command:Invoked command in '/home/jblevins32/IRR3/build/chase_object' returned '0': CMAKE_PREFIX_PATH=${CMAKE_PREFIX_PATH}:/home/jblevins32/IRR3/install/find_object_py:/home/jblevins32/IRR2/install/jacob_find_object_py:/home/jblevins32/IRR2/install/find_object_py:/opt/ros/humble DEBUGINFOD_URLS=https://debuginfod.ubuntu.com /usr/bin/cmake --build /home/jblevins32/IRR3/build/chase_object -- -j28 -l28
[5.767s] DEBUG:colcon.colcon_core.event_handler.log_command:Invoking command in '/home/jblevins32/IRR3/build/chase_object': CMAKE_PREFIX_PATH=${CMAKE_PREFIX_PATH}:/home/jblevins32/IRR3/install/find_object_py:/home/jblevins32/IRR2/install/jacob_find_object_py:/home/jblevins32/IRR2/install/find_object_py:/opt/ros/humble DEBUGINFOD_URLS=https://debuginfod.ubuntu.com /usr/bin/cmake --install /home/jblevins32/IRR3/build/chase_object
[5.778s] Level 1:colcon.colcon_core.environment:create_environment_scripts_only(chase_object)
[5.778s] Level 1:colcon.colcon_core.environment:checking '/home/jblevins32/IRR3/install/chase_object' for CMake module files
[5.778s] DEBUG:colcon.colcon_core.event_handler.log_command:Invoked command in '/home/jblevins32/IRR3/build/chase_object' returned '0': CMAKE_PREFIX_PATH=${CMAKE_PREFIX_PATH}:/home/jblevins32/IRR3/install/find_object_py:/home/jblevins32/IRR2/install/jacob_find_object_py:/home/jblevins32/IRR2/install/find_object_py:/opt/ros/humble DEBUGINFOD_URLS=https://debuginfod.ubuntu.com /usr/bin/cmake --install /home/jblevins32/IRR3/build/chase_object
[5.778s] Level 1:colcon.colcon_core.environment:checking '/home/jblevins32/IRR3/install/chase_object' for CMake config files
[5.779s] Level 1:colcon.colcon_core.shell:create_environment_hook('chase_object', 'cmake_prefix_path')
[5.779s] INFO:colcon.colcon_core.shell:Creating environment hook '/home/jblevins32/IRR3/install/chase_object/share/chase_object/hook/cmake_prefix_path.ps1'
[5.779s] INFO:colcon.colcon_core.shell:Creating environment descriptor '/home/jblevins32/IRR3/install/chase_object/share/chase_object/hook/cmake_prefix_path.dsv'
[5.779s] INFO:colcon.colcon_core.shell:Creating environment hook '/home/jblevins32/IRR3/install/chase_object/share/chase_object/hook/cmake_prefix_path.sh'
[5.780s] Level 1:colcon.colcon_core.environment:checking '/home/jblevins32/IRR3/install/chase_object/lib'
[5.780s] Level 1:colcon.colcon_core.environment:checking '/home/jblevins32/IRR3/install/chase_object/bin'
[5.780s] Level 1:colcon.colcon_core.environment:checking '/home/jblevins32/IRR3/install/chase_object/lib/pkgconfig/chase_object.pc'
[5.780s] Level 1:colcon.colcon_core.environment:checking '/home/jblevins32/IRR3/install/chase_object/lib/python3.10/site-packages'
[5.780s] Level 1:colcon.colcon_core.environment:checking '/home/jblevins32/IRR3/install/chase_object/bin'
[5.780s] INFO:colcon.colcon_core.shell:Creating package script '/home/jblevins32/IRR3/install/chase_object/share/chase_object/package.ps1'
[5.780s] INFO:colcon.colcon_core.shell:Creating package descriptor '/home/jblevins32/IRR3/install/chase_object/share/chase_object/package.dsv'
[5.781s] INFO:colcon.colcon_core.shell:Creating package script '/home/jblevins32/IRR3/install/chase_object/share/chase_object/package.sh'
[5.781s] INFO:colcon.colcon_core.shell:Creating package script '/home/jblevins32/IRR3/install/chase_object/share/chase_object/package.bash'
[5.781s] INFO:colcon.colcon_core.shell:Creating package script '/home/jblevins32/IRR3/install/chase_object/share/chase_object/package.zsh'
[5.781s] Level 1:colcon.colcon_core.environment:create_file_with_runtime_dependencies(/home/jblevins32/IRR3/install/chase_object/share/colcon-core/packages/chase_object)
[5.781s] Level 1:colcon.colcon_core.environment:create_environment_scripts_only(chase_object)
[5.782s] Level 1:colcon.colcon_core.environment:checking '/home/jblevins32/IRR3/install/chase_object' for CMake module files
[5.782s] Level 1:colcon.colcon_core.environment:checking '/home/jblevins32/IRR3/install/chase_object' for CMake config files
[5.782s] Level 1:colcon.colcon_core.shell:create_environment_hook('chase_object', 'cmake_prefix_path')
[5.782s] INFO:colcon.colcon_core.shell:Creating environment hook '/home/jblevins32/IRR3/install/chase_object/share/chase_object/hook/cmake_prefix_path.ps1'
[5.782s] INFO:colcon.colcon_core.shell:Creating environment descriptor '/home/jblevins32/IRR3/install/chase_object/share/chase_object/hook/cmake_prefix_path.dsv'
[5.782s] INFO:colcon.colcon_core.shell:Creating environment hook '/home/jblevins32/IRR3/install/chase_object/share/chase_object/hook/cmake_prefix_path.sh'
[5.783s] Level 1:colcon.colcon_core.environment:checking '/home/jblevins32/IRR3/install/chase_object/lib'
[5.783s] Level 1:colcon.colcon_core.environment:checking '/home/jblevins32/IRR3/install/chase_object/bin'
[5.783s] Level 1:colcon.colcon_core.environment:checking '/home/jblevins32/IRR3/install/chase_object/lib/pkgconfig/chase_object.pc'
[5.783s] Level 1:colcon.colcon_core.environment:checking '/home/jblevins32/IRR3/install/chase_object/lib/python3.10/site-packages'
[5.783s] Level 1:colcon.colcon_core.environment:checking '/home/jblevins32/IRR3/install/chase_object/bin'
[5.783s] INFO:colcon.colcon_core.shell:Creating package script '/home/jblevins32/IRR3/install/chase_object/share/chase_object/package.ps1'
[5.783s] INFO:colcon.colcon_core.shell:Creating package descriptor '/home/jblevins32/IRR3/install/chase_object/share/chase_object/package.dsv'
[5.784s] INFO:colcon.colcon_core.shell:Creating package script '/home/jblevins32/IRR3/install/chase_object/share/chase_object/package.sh'
[5.784s] INFO:colcon.colcon_core.shell:Creating package script '/home/jblevins32/IRR3/install/chase_object/share/chase_object/package.bash'
[5.784s] INFO:colcon.colcon_core.shell:Creating package script '/home/jblevins32/IRR3/install/chase_object/share/chase_object/package.zsh'
[5.784s] Level 1:colcon.colcon_core.environment:create_file_with_runtime_dependencies(/home/jblevins32/IRR3/install/chase_object/share/colcon-core/packages/chase_object)
[5.784s] DEBUG:colcon.colcon_parallel_executor.executor.parallel:closing loop
[5.785s] DEBUG:colcon.colcon_parallel_executor.executor.parallel:loop closed
[5.785s] DEBUG:colcon.colcon_parallel_executor.executor.parallel:run_until_complete finished with '0'
[5.785s] DEBUG:colcon.colcon_core.event_reactor:joining thread
[5.788s] INFO:colcon.colcon_core.plugin_system:Skipping extension 'colcon_notification.desktop_notification.terminal_notifier': Not used on non-Darwin systems
[5.788s] INFO:colcon.colcon_core.plugin_system:Skipping extension 'colcon_notification.desktop_notification.win32': Not used on non-Windows systems
[5.788s] INFO:colcon.colcon_notification.desktop_notification:Sending desktop notification using 'notify2'
[5.796s] DEBUG:colcon.colcon_core.event_reactor:joined thread
[5.796s] INFO:colcon.colcon_core.shell:Creating prefix script '/home/jblevins32/IRR3/install/local_setup.ps1'
[5.797s] INFO:colcon.colcon_core.shell:Creating prefix util module '/home/jblevins32/IRR3/install/_local_setup_util_ps1.py'
[5.798s] INFO:colcon.colcon_core.shell:Creating prefix chain script '/home/jblevins32/IRR3/install/setup.ps1'
[5.799s] INFO:colcon.colcon_core.shell:Creating prefix script '/home/jblevins32/IRR3/install/local_setup.sh'
[5.799s] INFO:colcon.colcon_core.shell:Creating prefix util module '/home/jblevins32/IRR3/install/_local_setup_util_sh.py'
[5.799s] INFO:colcon.colcon_core.shell:Creating prefix chain script '/home/jblevins32/IRR3/install/setup.sh'
[5.800s] INFO:colcon.colcon_core.shell:Creating prefix script '/home/jblevins32/IRR3/install/local_setup.bash'
[5.800s] INFO:colcon.colcon_core.shell:Creating prefix chain script '/home/jblevins32/IRR3/install/setup.bash'
[5.801s] INFO:colcon.colcon_core.shell:Creating prefix script '/home/jblevins32/IRR3/install/local_setup.zsh'
[5.801s] INFO:colcon.colcon_core.shell:Creating prefix chain script '/home/jblevins32/IRR3/install/setup.zsh'
